2025-11-29 13:32:56,325 INFO Starting Single-File Honeypot...
2025-11-29 13:32:56,328 INFO HTTP Honeypot running on 0.0.0.0:8080 with 50 workers
2025-11-29 13:32:56,328 INFO Telnet Honeypot running on 0.0.0.0:2323 with 50 workers
2025-11-29 13:32:56,328 INFO SSH Honeypot running on 0.0.0.0:2222 with 50 workers
2025-11-29 13:33:01,664 INFO HTTP Connection from 127.0.0.1:50894
2025-11-29 13:33:01,664 INFO HTTP Request from 127.0.0.1: GET / HTTP/1.1
2025-11-29 13:33:01,951 INFO SSH Connection from 127.0.0.1:50896
Exception (server): Error reading SSH protocol banner[Errno 54] Connection reset by peer
Traceback (most recent call last):
  File "/Users/amulyasrivastava/Library/Python/3.9/lib/python/site-packages/paramiko/transport.py", line 2363, in _check_banner
    buf = self.packetizer.readline(timeout)
  File "/Users/amulyasrivastava/Library/Python/3.9/lib/python/site-packages/paramiko/packet.py", line 395, in readline
    buf += self._read_timeout(timeout)
  File "/Users/amulyasrivastava/Library/Python/3.9/lib/python/site-packages/paramiko/packet.py", line 663, in _read_timeout
    x = self.__socket.recv(128)
ConnectionResetError: [Errno 54] Connection reset by peer

During handling of the above exception, another exception occurred:

Traceback (most recent call last):
  File "/Users/amulyasrivastava/Library/Python/3.9/lib/python/site-packages/paramiko/transport.py", line 2179, in run
    self._check_banner()
  File "/Users/amulyasrivastava/Library/Python/3.9/lib/python/site-packages/paramiko/transport.py", line 2367, in _check_banner
    raise SSHException(
paramiko.ssh_exception.SSHException: Error reading SSH protocol banner[Errno 54] Connection reset by peer

2025-11-29 13:33:01,962 ERROR Error handling SSH client ('127.0.0.1', 50896): Error reading SSH protocol banner[Errno 54] Connection reset by peer
2025-11-29 13:33:02,098 INFO Telnet Connection from 127.0.0.1:50898
2025-11-29 13:33:02,100 ERROR Error handling Telnet client ('127.0.0.1', 50898): [Errno 54] Connection reset by peer
